INFO:2023-12-06 15:47:45,943:copairs:Computing negative similarities...
INFO:2023-12-06 15:47:45,960:copairs:Building rank lists...
INFO:2023-12-06 15:47:55,870:copairs:Computing average precision...
INFO:2023-12-06 15:47:56,420:copairs:Computing p-values...
INFO:2023-12-06 15:48:13,394:copairs:Creating result DataFrame...
INFO:2023-12-06 15:48:13,397:copairs:Finished.
INFO:2023-12-06 15:48:13,403:root:pipeline completed: Large
INFO:2023-12-06 15:48:13,461:copairs:Indexing metadata...
INFO:2023-12-06 15:48:13,469:copairs:Finding positive pairs...
INFO:2023-12-06 15:48:22,880:copairs:Finding negative pairs...
INFO:2023-12-06 15:48:22,896:copairs:Computing positive similarities...
INFO:2023-12-06 15:48:35,012:copairs:Computing negative similarities...
INFO:2023-12-06 15:48:35,033:copairs:Building rank lists...
INFO:2023-12-06 15:48:45,139:copairs:Computing average precision...
INFO:2023-12-06 15:48:45,697:copairs:Computing p-values...
INFO:2023-12-06 15:48:49,573:copairs:Creating result DataFrame...
INFO:2023-12-06 15:48:49,576:copairs:Finished.
INFO:2023-12-06 15:48:49,582:root:pipeline completed: Prometaphase
INFO:2023-12-06 15:48:49,641:copairs:Indexing metadata...
INFO:2023-12-06 15:48:49,648:copairs:Finding positive pairs...
INFO:2023-12-06 15:48:58,905:copairs:Finding negative pairs...
INFO:2023-12-06 15:48:58,918:copairs:Computing positive similarities...
INFO:2023-12-06 15:49:11,091:copairs:Computing negative similarities...
INFO:2023-12-06 15:49:11,108:copairs:Building rank lists...
INFO:2023-12-06 15:49:21,269:copairs:Computing average precision...
INFO:2023-12-06 15:49:21,824:copairs:Computing p-values...
INFO:2023-12-06 15:49:24,547:copairs:Creating result DataFrame...
INFO:2023-12-06 15:49:24,550:copairs:Finished.
INFO:2023-12-06 15:49:24,554:root:pipeline completed: Grape
INFO:2023-12-06 15:49:24,611:copairs:Indexing metadata...
INFO:2023-12-06 15:49:24,619:copairs:Finding positive pairs...
INFO:2023-12-06 15:49:33,772:copairs:Finding negative pairs...
INFO:2023-12-06 15:49:33,788:copairs:Computing positive similarities...
INFO:2023-12-06 15:49:45,732:copairs:Computing negative similarities...
INFO:2023-12-06 15:49:45,751:copairs:Building rank lists...
INFO:2023-12-06 15:49:56,203:copairs:Computing average precision...
INFO:2023-12-06 15:49:56,832:copairs:Computing p-values...
INFO:2023-12-06 15:50:03,638:copairs:Creating result DataFrame...
INFO:2023-12-06 15:50:03,640:copairs:Finished.
INFO:2023-12-06 15:50:03,644:root:pipeline completed: Interphase
INFO:2023-12-06 15:50:03,704:copairs:Indexing metadata...
INFO:2023-12-06 15:50:03,712:copairs:Finding positive pairs...
INFO:2023-12-06 15:50:13,296:copairs:Finding negative pairs...
INFO:2023-12-06 15:50:13,311:copairs:Computing positive similarities...
INFO:2023-12-06 15:50:25,384:copairs:Computing negative similarities...
INFO:2023-12-06 15:50:25,405:copairs:Building rank lists...
INFO:2023-12-06 15:50:35,444:copairs:Computing average precision...
INFO:2023-12-06 15:50:36,055:copairs:Computing p-values...
INFO:2023-12-06 15:50:40,903:copairs:Creating result DataFrame...
INFO:2023-12-06 15:50:40,906:copairs:Finished.
INFO:2023-12-06 15:50:40,910:root:pipeline completed: Apoptosis
INFO:2023-12-06 15:50:40,972:copairs:Indexing metadata...
INFO:2023-12-06 15:50:40,980:copairs:Finding positive pairs...
INFO:2023-12-06 15:50:50,431:copairs:Finding negative pairs...
INFO:2023-12-06 15:50:50,444:copairs:Computing positive similarities...
INFO:2023-12-06 15:51:02,733:copairs:Computing negative similarities...
INFO:2023-12-06 15:51:02,748:copairs:Building rank lists...
INFO:2023-12-06 15:51:12,900:copairs:Computing average precision...
INFO:2023-12-06 15:51:13,483:copairs:Computing p-values...
INFO:2023-12-06 15:51:14,307:copairs:Creating result DataFrame...
INFO:2023-12-06 15:51:14,310:copairs:Finished.
INFO:2023-12-06 15:51:14,314:root:pipeline completed: ADCCM
INFO:2023-12-06 15:51:14,370:copairs:Indexing metadata...
INFO:2023-12-06 15:51:14,378:copairs:Finding positive pairs...
INFO:2023-12-06 15:51:23,534:copairs:Finding negative pairs...
INFO:2023-12-06 15:51:23,547:copairs:Computing positive similarities...
INFO:2023-12-06 15:51:35,588:copairs:Computing negative similarities...
INFO:2023-12-06 15:51:35,610:copairs:Building rank lists...
INFO:2023-12-06 15:51:46,351:copairs:Computing average precision...
INFO:2023-12-06 15:51:46,895:copairs:Computing p-values...
INFO:2023-12-06 15:51:49,398:copairs:Creating result DataFrame...
INFO:2023-12-06 15:51:49,401:copairs:Finished.
INFO:2023-12-06 15:51:49,411:root:pipeline completed: Folded
INFO:2023-12-06 15:51:49,475:copairs:Indexing metadata...
INFO:2023-12-06 15:51:49,483:copairs:Finding positive pairs...
INFO:2023-12-06 15:51:58,761:copairs:Finding negative pairs...
INFO:2023-12-06 15:51:58,775:copairs:Computing positive similarities...
INFO:2023-12-06 15:52:11,054:copairs:Computing negative similarities...
INFO:2023-12-06 15:52:11,076:copairs:Building rank lists...
INFO:2023-12-06 15:52:22,838:copairs:Computing average precision...
INFO:2023-12-06 15:52:23,376:copairs:Computing p-values...
INFO:2023-12-06 15:52:26,292:copairs:Creating result DataFrame...
INFO:2023-12-06 15:52:26,296:copairs:Finished.
INFO:2023-12-06 15:52:26,301:root:pipeline completed: SmallIrregular
INFO:2023-12-06 15:52:26,361:copairs:Indexing metadata...
INFO:2023-12-06 15:52:26,370:copairs:Finding positive pairs...
INFO:2023-12-06 15:52:35,381:copairs:Finding negative pairs...
INFO:2023-12-06 15:52:35,396:copairs:Computing positive similarities...
INFO:2023-12-06 15:52:47,495:copairs:Computing negative similarities...
INFO:2023-12-06 15:52:47,514:copairs:Building rank lists...
INFO:2023-12-06 15:52:57,469:copairs:Computing average precision...
INFO:2023-12-06 15:52:58,015:copairs:Computing p-values...
INFO:2023-12-06 15:53:04,853:copairs:Creating result DataFrame...
INFO:2023-12-06 15:53:04,855:copairs:Finished.
INFO:2023-12-06 15:53:04,859:root:pipeline completed: Polylobed
INFO:2023-12-06 15:53:04,917:copairs:Indexing metadata...
INFO:2023-12-06 15:53:04,925:copairs:Finding positive pairs...
INFO:2023-12-06 15:53:14,077:copairs:Finding negative pairs...
INFO:2023-12-06 15:53:14,090:copairs:Computing positive similarities...
INFO:2023-12-06 15:53:26,154:copairs:Computing negative similarities...
INFO:2023-12-06 15:53:26,170:copairs:Building rank lists...
INFO:2023-12-06 15:53:36,160:copairs:Computing average precision...
INFO:2023-12-06 15:53:36,707:copairs:Computing p-values...
INFO:2023-12-06 15:53:39,170:copairs:Creating result DataFrame...
INFO:2023-12-06 15:53:39,173:copairs:Finished.
INFO:2023-12-06 15:53:39,178:root:pipeline completed: Metaphase
INFO:2023-12-06 15:53:39,251:copairs:Indexing metadata...
INFO:2023-12-06 15:53:39,260:copairs:Finding positive pairs...
INFO:2023-12-06 15:53:48,585:copairs:Finding negative pairs...
INFO:2023-12-06 15:53:48,599:copairs:Computing positive similarities...
INFO:2023-12-06 15:54:00,885:copairs:Computing negative similarities...
INFO:2023-12-06 15:54:00,905:copairs:Building rank lists...
INFO:2023-12-06 15:54:10,905:copairs:Computing average precision...
INFO:2023-12-06 15:54:11,445:copairs:Computing p-values...
INFO:2023-12-06 15:54:15,439:copairs:Creating result DataFrame...
INFO:2023-12-06 15:54:15,442:copairs:Finished.
INFO:2023-12-06 15:54:15,447:root:pipeline completed: Binuclear
INFO:2023-12-06 15:54:15,512:copairs:Indexing metadata...
INFO:2023-12-06 15:54:15,520:copairs:Finding positive pairs...
INFO:2023-12-06 15:54:24,805:copairs:Finding negative pairs...
INFO:2023-12-06 15:54:24,818:copairs:Computing positive similarities...
INFO:2023-12-06 15:54:36,965:copairs:Computing negative similarities...
INFO:2023-12-06 15:54:36,985:copairs:Building rank lists...
INFO:2023-12-06 15:54:47,343:copairs:Computing average precision...
INFO:2023-12-06 15:54:47,892:copairs:Computing p-values...
INFO:2023-12-06 15:54:49,872:copairs:Creating result DataFrame...
INFO:2023-12-06 15:54:49,874:copairs:Finished.
INFO:2023-12-06 15:54:49,877:root:pipeline completed: Hole
INFO:2023-12-06 15:54:49,934:copairs:Indexing metadata...
INFO:2023-12-06 15:54:49,942:copairs:Finding positive pairs...
INFO:2023-12-06 15:54:59,078:copairs:Finding negative pairs...
INFO:2023-12-06 15:54:59,091:copairs:Computing positive similarities...
INFO:2023-12-06 15:55:11,242:copairs:Computing negative similarities...
INFO:2023-12-06 15:55:11,260:copairs:Building rank lists...
INFO:2023-12-06 15:55:21,192:copairs:Computing average precision...
INFO:2023-12-06 15:55:21,742:copairs:Computing p-values...
INFO:2023-12-06 15:55:23,786:copairs:Creating result DataFrame...
INFO:2023-12-06 15:55:23,788:copairs:Finished.
INFO:2023-12-06 15:55:23,792:root:pipeline completed: Anaphase
INFO:2023-12-06 15:55:23,854:copairs:Indexing metadata...
INFO:2023-12-06 15:55:23,863:copairs:Finding positive pairs...
INFO:2023-12-06 15:55:33,027:copairs:Finding negative pairs...
INFO:2023-12-06 15:55:33,041:copairs:Computing positive similarities...
INFO:2023-12-06 15:55:45,302:copairs:Computing negative similarities...
INFO:2023-12-06 15:55:45,318:copairs:Building rank lists...
INFO:2023-12-06 15:55:55,271:copairs:Computing average precision...
INFO:2023-12-06 15:55:55,810:copairs:Computing p-values...
INFO:2023-12-06 15:56:00,050:copairs:Creating result DataFrame...
INFO:2023-12-06 15:56:00,052:copairs:Finished.
INFO:2023-12-06 15:56:00,060:root:pipeline completed: MetaphaseAlignment
INFO:2023-12-06 15:56:00,112:copairs:Indexing metadata...
INFO:2023-12-06 15:56:00,120:copairs:Finding positive pairs...
INFO:2023-12-06 15:56:09,163:copairs:Finding negative pairs...
INFO:2023-12-06 15:56:09,176:copairs:Computing positive similarities...
INFO:2023-12-06 15:56:21,301:copairs:Computing negative similarities...
INFO:2023-12-06 15:56:21,321:copairs:Building rank lists...
INFO:2023-12-06 15:56:33,962:copairs:Computing average precision...
INFO:2023-12-06 15:56:34,498:copairs:Computing p-values...
INFO:2023-12-06 15:56:35,847:copairs:Creating result DataFrame...
INFO:2023-12-06 15:56:35,850:copairs:Finished.
INFO:2023-12-06 15:56:35,852:root:pipeline completed: Elongated
INFO:2023-12-06 15:56:35,907:copairs:Indexing metadata...
INFO:2023-12-06 15:56:35,915:copairs:Finding positive pairs...
INFO:2023-12-06 15:56:45,087:copairs:Finding negative pairs...
INFO:2023-12-06 15:56:45,103:copairs:Computing positive similarities...
INFO:2023-12-06 15:56:57,368:copairs:Computing negative similarities...
INFO:2023-12-06 15:56:57,389:copairs:Building rank lists...
INFO:2023-12-06 15:57:07,468:copairs:Computing average precision...
INFO:2023-12-06 15:57:08,018:copairs:Computing p-values...
INFO:2023-12-06 15:57:10,612:copairs:Creating result DataFrame...
INFO:2023-12-06 15:57:10,615:copairs:Finished.
INFO:2023-12-06 15:57:10,619:root:pipeline completed: OutOfFocus
